C:\USERS\LENOVO\DOCUMENTS\VISUAL STUDIO 2012\PROJECTS\PROJECT3\PROJECT3\DEBUG\MODEL_3DS.OBJ
C:\USERS\LENOVO\DOCUMENTS\VISUAL STUDIO 2012\PROJECTS\PROJECT3\PROJECT3\DEBUG\CAMERA.OBJ
C:\USERS\LENOVO\DOCUMENTS\VISUAL STUDIO 2012\PROJECTS\PROJECT3\PROJECT3\DEBUG\TEXTURE.OBJ
C:\USERS\LENOVO\DOCUMENTS\VISUAL STUDIO 2012\PROJECTS\PROJECT3\PROJECT3\DEBUG\GLTEXTURE.OBJ
C:\USERS\LENOVO\DOCUMENTS\VISUAL STUDIO 2012\PROJECTS\PROJECT3\PROJECT3\DEBUG\VC110.PDB
C:\USERS\LENOVO\DOCUMENTS\VISUAL STUDIO 2012\PROJECTS\PROJECT3\PROJECT3\DEBUG\SOURCE.OBJ
C:\USERS\LENOVO\DOCUMENTS\VISUAL STUDIO 2012\PROJECTS\PROJECT3\DEBUG\PROJECT3.ILK
C:\USERS\LENOVO\DOCUMENTS\VISUAL STUDIO 2012\PROJECTS\PROJECT3\DEBUG\PROJECT3.EXE
C:\USERS\LENOVO\DOCUMENTS\VISUAL STUDIO 2012\PROJECTS\PROJECT3\DEBUG\PROJECT3.PDB
C:\Users\Lenovo\Documents\Visual Studio 2012\Projects\Project3\Project3\Debug\camera.obj
C:\Users\Lenovo\Documents\Visual Studio 2012\Projects\Project3\Project3\Debug\GLTexture.obj
C:\Users\Lenovo\Documents\Visual Studio 2012\Projects\Project3\Project3\Debug\Model_3DS.obj
C:\Users\Lenovo\Documents\Visual Studio 2012\Projects\Project3\Project3\Debug\Source.obj
C:\Users\Lenovo\Documents\Visual Studio 2012\Projects\Project3\Project3\Debug\texture.obj
C:\Users\Lenovo\Documents\Visual Studio 2012\Projects\Project3\Project3\Debug\cl.command.1.tlog
C:\Users\Lenovo\Documents\Visual Studio 2012\Projects\Project3\Project3\Debug\CL.read.1.tlog
C:\Users\Lenovo\Documents\Visual Studio 2012\Projects\Project3\Project3\Debug\CL.write.1.tlog
C:\Users\Lenovo\Documents\Visual Studio 2012\Projects\Project3\Project3\Debug\link-cvtres.read.1.tlog
C:\Users\Lenovo\Documents\Visual Studio 2012\Projects\Project3\Project3\Debug\link-cvtres.write.1.tlog
C:\Users\Lenovo\Documents\Visual Studio 2012\Projects\Project3\Project3\Debug\link-rc.read.1.tlog
C:\Users\Lenovo\Documents\Visual Studio 2012\Projects\Project3\Project3\Debug\link-rc.write.1.tlog
C:\Users\Lenovo\Documents\Visual Studio 2012\Projects\Project3\Project3\Debug\link.12444-cvtres.read.1.tlog
C:\Users\Lenovo\Documents\Visual Studio 2012\Projects\Project3\Project3\Debug\link.12444-cvtres.write.1.tlog
C:\Users\Lenovo\Documents\Visual Studio 2012\Projects\Project3\Project3\Debug\link.12444-rc.read.1.tlog
C:\Users\Lenovo\Documents\Visual Studio 2012\Projects\Project3\Project3\Debug\link.12444-rc.write.1.tlog
C:\Users\Lenovo\Documents\Visual Studio 2012\Projects\Project3\Project3\Debug\link.12444.read.1.tlog
C:\Users\Lenovo\Documents\Visual Studio 2012\Projects\Project3\Project3\Debug\link.12444.write.1.tlog
C:\Users\Lenovo\Documents\Visual Studio 2012\Projects\Project3\Project3\Debug\link.18288-cvtres.read.1.tlog
C:\Users\Lenovo\Documents\Visual Studio 2012\Projects\Project3\Project3\Debug\link.18288-cvtres.write.1.tlog
C:\Users\Lenovo\Documents\Visual Studio 2012\Projects\Project3\Project3\Debug\link.18288-rc.read.1.tlog
C:\Users\Lenovo\Documents\Visual Studio 2012\Projects\Project3\Project3\Debug\link.18288-rc.write.1.tlog
C:\Users\Lenovo\Documents\Visual Studio 2012\Projects\Project3\Project3\Debug\link.18288.read.1.tlog
C:\Users\Lenovo\Documents\Visual Studio 2012\Projects\Project3\Project3\Debug\link.18288.write.1.tlog
C:\Users\Lenovo\Documents\Visual Studio 2012\Projects\Project3\Project3\Debug\link.9508-cvtres.read.1.tlog
C:\Users\Lenovo\Documents\Visual Studio 2012\Projects\Project3\Project3\Debug\link.9508-cvtres.write.1.tlog
C:\Users\Lenovo\Documents\Visual Studio 2012\Projects\Project3\Project3\Debug\link.9508-rc.read.1.tlog
C:\Users\Lenovo\Documents\Visual Studio 2012\Projects\Project3\Project3\Debug\link.9508-rc.write.1.tlog
C:\Users\Lenovo\Documents\Visual Studio 2012\Projects\Project3\Project3\Debug\link.9508.read.1.tlog
C:\Users\Lenovo\Documents\Visual Studio 2012\Projects\Project3\Project3\Debug\link.9508.write.1.tlog
C:\Users\Lenovo\Documents\Visual Studio 2012\Projects\Project3\Project3\Debug\link.command.1.tlog
C:\Users\Lenovo\Documents\Visual Studio 2012\Projects\Project3\Project3\Debug\link.read.1.tlog
C:\Users\Lenovo\Documents\Visual Studio 2012\Projects\Project3\Project3\Debug\link.write.1.tlog
C:\Users\Lenovo\Documents\Visual Studio 2012\Projects\Project3\Project3\Debug\vc110.idb
C:\Users\Lenovo\Documents\Visual Studio 2012\Projects\Project3\Project3\Debug\vc110.pdb
C:\Users\Lenovo\Documents\Visual Studio 2012\Projects\Project3\Debug\Project3.pdb
C:\Users\Lenovo\Documents\Visual Studio 2012\Projects\Project3\Debug\Project3.exe
C:\Users\Lenovo\Documents\Visual Studio 2012\Projects\Project3\Debug\Project3.ilk
